2020-10-02 00:23:40 INFO  NetworkConfig:372 - loading properties from file /home/xubuntu/eclipse-workspace/it.unibo.qak20.basicrobot-1.0/bin/Californium.properties
2020-10-02 00:23:41 INFO  RandomTokenGenerator:55 - using tokens of 8 bytes in length
2020-10-02 00:23:41 INFO  CoapEndpoint:423 - CoapEndpoint uses udp plain
2020-10-02 00:23:41 INFO  BlockwiseLayer:207 - BlockwiseLayer uses MAX_MESSAGE_SIZE=1024, PREFERRED_BLOCK_SIZE=512, BLOCKWISE_STATUS_LIFETIME=300000 and MAX_RESOURCE_BODY_SIZE=8192
2020-10-02 00:23:41 INFO  ReliabilityLayer:83 - ReliabilityLayer uses ACK_TIMEOUT=2000, ACK_RANDOM_FACTOR=1.5, and ACK_TIMEOUT_SCALE=2.0
2020-10-02 00:23:41 INFO  CoapServer:207 - Starting server
2020-10-02 00:23:41 INFO  UDPConnector:161 - UDPConnector starts up 8 sender threads and 8 receiver threads
2020-10-02 00:23:41 INFO  UDPConnector:187 - UDPConnector listening on 0.0.0.0/0.0.0.0:8020, recv buf = 106496, send buf = 106496, recv packet size = 2048
2020-10-02 00:23:41 INFO  CoapEndpoint:485 - Started endpoint at coap://0.0.0.0:8020
2020-10-02 00:29:42 INFO  CoapResource:722 - successfully established observe relation between /127.0.0.1:55245#[85142cd547c2346b] and resource /ctxbasicrobot/basicrobot (Exchange[R2], size 1)
2020-10-02 00:31:18 INFO  CoapResource:719 - replacing observe relation between /127.0.0.1:55245#[85142cd547c2346b] and resource /ctxbasicrobot/basicrobot (new Exchange[R5], size 1)
2020-10-02 00:32:59 INFO  CoapResource:719 - replacing observe relation between /127.0.0.1:55245#[85142cd547c2346b] and resource /ctxbasicrobot/basicrobot (new Exchange[R10], size 1)
2020-10-02 00:34:01 INFO  CoapResource:719 - replacing observe relation between /127.0.0.1:55245#[85142cd547c2346b] and resource /ctxbasicrobot/basicrobot (new Exchange[R11], size 1)
2020-10-02 00:35:50 INFO  CoapResource:719 - replacing observe relation between /127.0.0.1:55245#[85142cd547c2346b] and resource /ctxbasicrobot/basicrobot (new Exchange[R14], size 1)
2020-10-02 00:36:52 INFO  CoapResource:719 - replacing observe relation between /127.0.0.1:55245#[85142cd547c2346b] and resource /ctxbasicrobot/basicrobot (new Exchange[R15], size 1)
2020-10-02 00:37:15 INFO  NetworkConfig:372 - loading properties from file /home/xubuntu/eclipse-workspace/it.unibo.qak20.basicrobot-1.0/bin/Californium.properties
2020-10-02 00:37:15 INFO  RandomTokenGenerator:55 - using tokens of 8 bytes in length
2020-10-02 00:37:15 INFO  CoapEndpoint:423 - CoapEndpoint uses udp plain
2020-10-02 00:37:15 INFO  BlockwiseLayer:207 - BlockwiseLayer uses MAX_MESSAGE_SIZE=1024, PREFERRED_BLOCK_SIZE=512, BLOCKWISE_STATUS_LIFETIME=300000 and MAX_RESOURCE_BODY_SIZE=8192
2020-10-02 00:37:15 INFO  ReliabilityLayer:83 - ReliabilityLayer uses ACK_TIMEOUT=2000, ACK_RANDOM_FACTOR=1.5, and ACK_TIMEOUT_SCALE=2.0
2020-10-02 00:37:15 INFO  CoapServer:207 - Starting server
2020-10-02 00:37:15 INFO  UDPConnector:161 - UDPConnector starts up 8 sender threads and 8 receiver threads
2020-10-02 00:37:15 INFO  UDPConnector:187 - UDPConnector listening on 0.0.0.0/0.0.0.0:8020, recv buf = 106496, send buf = 106496, recv packet size = 2048
2020-10-02 00:37:15 INFO  CoapEndpoint:485 - Started endpoint at coap://0.0.0.0:8020
2020-10-02 00:37:54 INFO  CoapResource:722 - successfully established observe relation between /127.0.0.1:55245#[85142cd547c2346b] and resource /ctxbasicrobot/basicrobot (Exchange[R3], size 1)
2020-10-02 00:40:03 INFO  CoapResource:719 - replacing observe relation between /127.0.0.1:55245#[85142cd547c2346b] and resource /ctxbasicrobot/basicrobot (new Exchange[R24], size 1)
2020-10-02 00:41:05 INFO  CoapResource:719 - replacing observe relation between /127.0.0.1:55245#[85142cd547c2346b] and resource /ctxbasicrobot/basicrobot (new Exchange[R25], size 1)
2020-10-02 00:42:07 INFO  CoapResource:719 - replacing observe relation between /127.0.0.1:55245#[85142cd547c2346b] and resource /ctxbasicrobot/basicrobot (new Exchange[R26], size 1)
2020-10-02 00:43:09 INFO  CoapResource:719 - replacing observe relation between /127.0.0.1:55245#[85142cd547c2346b] and resource /ctxbasicrobot/basicrobot (new Exchange[R27], size 1)
2020-10-29 23:13:17 INFO  NetworkConfig:372 - loading properties from file /home/xubuntu/eclipse-workspace/it.unibo.qak20.basicrobot-1.0/bin/Californium.properties
2020-10-29 23:13:17 INFO  RandomTokenGenerator:55 - using tokens of 8 bytes in length
2020-10-29 23:13:17 INFO  CoapEndpoint:423 - CoapEndpoint uses udp plain
2020-10-29 23:13:17 INFO  BlockwiseLayer:207 - BlockwiseLayer uses MAX_MESSAGE_SIZE=1024, PREFERRED_BLOCK_SIZE=512, BLOCKWISE_STATUS_LIFETIME=300000 and MAX_RESOURCE_BODY_SIZE=8192
2020-10-29 23:13:17 INFO  ReliabilityLayer:83 - ReliabilityLayer uses ACK_TIMEOUT=2000, ACK_RANDOM_FACTOR=1.5, and ACK_TIMEOUT_SCALE=2.0
2020-10-29 23:13:17 INFO  CoapServer:207 - Starting server
2020-10-29 23:13:17 INFO  UDPConnector:161 - UDPConnector starts up 8 sender threads and 8 receiver threads
2020-10-29 23:13:17 INFO  UDPConnector:187 - UDPConnector listening on 0.0.0.0/0.0.0.0:8020, recv buf = 106496, send buf = 106496, recv packet size = 2048
2020-10-29 23:13:17 INFO  CoapEndpoint:485 - Started endpoint at coap://0.0.0.0:8020
2020-10-29 23:37:02 INFO  NetworkConfig:372 - loading properties from file /home/xubuntu/eclipse-workspace/it.unibo.qak20.basicrobot-1.0/bin/Californium.properties
2020-10-29 23:37:02 INFO  RandomTokenGenerator:55 - using tokens of 8 bytes in length
2020-10-29 23:37:02 INFO  CoapEndpoint:423 - CoapEndpoint uses udp plain
2020-10-29 23:37:02 INFO  BlockwiseLayer:207 - BlockwiseLayer uses MAX_MESSAGE_SIZE=1024, PREFERRED_BLOCK_SIZE=512, BLOCKWISE_STATUS_LIFETIME=300000 and MAX_RESOURCE_BODY_SIZE=8192
2020-10-29 23:37:02 INFO  ReliabilityLayer:83 - ReliabilityLayer uses ACK_TIMEOUT=2000, ACK_RANDOM_FACTOR=1.5, and ACK_TIMEOUT_SCALE=2.0
2020-10-29 23:37:02 INFO  CoapServer:207 - Starting server
2020-10-29 23:37:02 INFO  UDPConnector:161 - UDPConnector starts up 8 sender threads and 8 receiver threads
2020-10-29 23:37:02 INFO  UDPConnector:187 - UDPConnector listening on 0.0.0.0/0.0.0.0:8020, recv buf = 106496, send buf = 106496, recv packet size = 2048
2020-10-29 23:37:02 INFO  CoapEndpoint:485 - Started endpoint at coap://0.0.0.0:8020
2020-10-29 23:46:26 INFO  NetworkConfig:372 - loading properties from file /home/xubuntu/eclipse-workspace/it.unibo.qak20.basicrobot-1.0/bin/Californium.properties
2020-10-29 23:46:26 INFO  RandomTokenGenerator:55 - using tokens of 8 bytes in length
2020-10-29 23:46:26 INFO  CoapEndpoint:423 - CoapEndpoint uses udp plain
2020-10-29 23:46:26 INFO  BlockwiseLayer:207 - BlockwiseLayer uses MAX_MESSAGE_SIZE=1024, PREFERRED_BLOCK_SIZE=512, BLOCKWISE_STATUS_LIFETIME=300000 and MAX_RESOURCE_BODY_SIZE=8192
2020-10-29 23:46:26 INFO  ReliabilityLayer:83 - ReliabilityLayer uses ACK_TIMEOUT=2000, ACK_RANDOM_FACTOR=1.5, and ACK_TIMEOUT_SCALE=2.0
2020-10-29 23:46:26 INFO  CoapServer:207 - Starting server
2020-10-29 23:46:26 INFO  UDPConnector:161 - UDPConnector starts up 8 sender threads and 8 receiver threads
2020-10-29 23:46:26 INFO  UDPConnector:187 - UDPConnector listening on 0.0.0.0/0.0.0.0:8020, recv buf = 106496, send buf = 106496, recv packet size = 2048
2020-10-29 23:46:26 INFO  CoapEndpoint:485 - Started endpoint at coap://0.0.0.0:8020
2020-10-30 00:00:11 INFO  NetworkConfig:372 - loading properties from file /home/xubuntu/eclipse-workspace/it.unibo.qak20.basicrobot-1.0/bin/Californium.properties
2020-10-30 00:00:11 INFO  RandomTokenGenerator:55 - using tokens of 8 bytes in length
2020-10-30 00:00:11 INFO  CoapEndpoint:423 - CoapEndpoint uses udp plain
2020-10-30 00:00:11 INFO  BlockwiseLayer:207 - BlockwiseLayer uses MAX_MESSAGE_SIZE=1024, PREFERRED_BLOCK_SIZE=512, BLOCKWISE_STATUS_LIFETIME=300000 and MAX_RESOURCE_BODY_SIZE=8192
2020-10-30 00:00:11 INFO  ReliabilityLayer:83 - ReliabilityLayer uses ACK_TIMEOUT=2000, ACK_RANDOM_FACTOR=1.5, and ACK_TIMEOUT_SCALE=2.0
2020-10-30 00:00:12 INFO  CoapServer:207 - Starting server
2020-10-30 00:00:12 INFO  UDPConnector:161 - UDPConnector starts up 8 sender threads and 8 receiver threads
2020-10-30 00:00:12 INFO  UDPConnector:187 - UDPConnector listening on 0.0.0.0/0.0.0.0:8020, recv buf = 106496, send buf = 106496, recv packet size = 2048
2020-10-30 00:00:12 INFO  CoapEndpoint:485 - Started endpoint at coap://0.0.0.0:8020
2020-10-30 00:14:19 INFO  NetworkConfig:372 - loading properties from file /home/xubuntu/eclipse-workspace/it.unibo.qak20.basicrobot-1.0/bin/Californium.properties
2020-10-30 00:14:20 INFO  RandomTokenGenerator:55 - using tokens of 8 bytes in length
2020-10-30 00:14:20 INFO  CoapEndpoint:423 - CoapEndpoint uses udp plain
2020-10-30 00:14:20 INFO  BlockwiseLayer:207 - BlockwiseLayer uses MAX_MESSAGE_SIZE=1024, PREFERRED_BLOCK_SIZE=512, BLOCKWISE_STATUS_LIFETIME=300000 and MAX_RESOURCE_BODY_SIZE=8192
2020-10-30 00:14:20 INFO  ReliabilityLayer:83 - ReliabilityLayer uses ACK_TIMEOUT=2000, ACK_RANDOM_FACTOR=1.5, and ACK_TIMEOUT_SCALE=2.0
2020-10-30 00:14:20 INFO  CoapServer:207 - Starting server
2020-10-30 00:14:20 INFO  UDPConnector:161 - UDPConnector starts up 8 sender threads and 8 receiver threads
2020-10-30 00:14:20 INFO  UDPConnector:187 - UDPConnector listening on 0.0.0.0/0.0.0.0:8020, recv buf = 106496, send buf = 106496, recv packet size = 2048
2020-10-30 00:14:20 INFO  CoapEndpoint:485 - Started endpoint at coap://0.0.0.0:8020
2020-10-30 11:21:56 INFO  NetworkConfig:372 - loading properties from file /home/xubuntu/eclipse-workspace/it.unibo.qak20.basicrobot-1.0/bin/Californium.properties
2020-10-30 11:21:56 INFO  RandomTokenGenerator:55 - using tokens of 8 bytes in length
2020-10-30 11:21:56 INFO  CoapEndpoint:423 - CoapEndpoint uses udp plain
2020-10-30 11:21:56 INFO  BlockwiseLayer:207 - BlockwiseLayer uses MAX_MESSAGE_SIZE=1024, PREFERRED_BLOCK_SIZE=512, BLOCKWISE_STATUS_LIFETIME=300000 and MAX_RESOURCE_BODY_SIZE=8192
2020-10-30 11:21:56 INFO  ReliabilityLayer:83 - ReliabilityLayer uses ACK_TIMEOUT=2000, ACK_RANDOM_FACTOR=1.5, and ACK_TIMEOUT_SCALE=2.0
2020-10-30 11:21:56 INFO  CoapServer:207 - Starting server
2020-10-30 11:21:56 INFO  UDPConnector:161 - UDPConnector starts up 8 sender threads and 8 receiver threads
2020-10-30 11:21:56 INFO  UDPConnector:187 - UDPConnector listening on 0.0.0.0/0.0.0.0:8020, recv buf = 106496, send buf = 106496, recv packet size = 2048
2020-10-30 11:21:56 INFO  CoapEndpoint:485 - Started endpoint at coap://0.0.0.0:8020
2020-10-30 12:00:55 INFO  NetworkConfig:372 - loading properties from file /home/xubuntu/eclipse-workspace/it.unibo.qak20.basicrobot-1.0/bin/Californium.properties
2020-10-30 12:00:55 INFO  RandomTokenGenerator:55 - using tokens of 8 bytes in length
2020-10-30 12:00:55 INFO  CoapEndpoint:423 - CoapEndpoint uses udp plain
2020-10-30 12:00:55 INFO  BlockwiseLayer:207 - BlockwiseLayer uses MAX_MESSAGE_SIZE=1024, PREFERRED_BLOCK_SIZE=512, BLOCKWISE_STATUS_LIFETIME=300000 and MAX_RESOURCE_BODY_SIZE=8192
2020-10-30 12:00:55 INFO  ReliabilityLayer:83 - ReliabilityLayer uses ACK_TIMEOUT=2000, ACK_RANDOM_FACTOR=1.5, and ACK_TIMEOUT_SCALE=2.0
2020-10-30 12:00:55 INFO  CoapServer:207 - Starting server
2020-10-30 12:00:55 INFO  UDPConnector:161 - UDPConnector starts up 8 sender threads and 8 receiver threads
2020-10-30 12:00:55 INFO  UDPConnector:187 - UDPConnector listening on 0.0.0.0/0.0.0.0:8020, recv buf = 106496, send buf = 106496, recv packet size = 2048
2020-10-30 12:00:55 INFO  CoapEndpoint:485 - Started endpoint at coap://0.0.0.0:8020
2020-10-30 12:01:48 INFO  NetworkConfig:372 - loading properties from file /home/xubuntu/eclipse-workspace/it.unibo.qak20.basicrobot-1.0/bin/Californium.properties
2020-10-30 12:01:48 INFO  RandomTokenGenerator:55 - using tokens of 8 bytes in length
2020-10-30 12:01:48 INFO  CoapEndpoint:423 - CoapEndpoint uses udp plain
2020-10-30 12:01:48 INFO  BlockwiseLayer:207 - BlockwiseLayer uses MAX_MESSAGE_SIZE=1024, PREFERRED_BLOCK_SIZE=512, BLOCKWISE_STATUS_LIFETIME=300000 and MAX_RESOURCE_BODY_SIZE=8192
2020-10-30 12:01:48 INFO  ReliabilityLayer:83 - ReliabilityLayer uses ACK_TIMEOUT=2000, ACK_RANDOM_FACTOR=1.5, and ACK_TIMEOUT_SCALE=2.0
2020-10-30 12:01:48 INFO  CoapServer:207 - Starting server
2020-10-30 12:01:48 INFO  CoapEndpoint:515 - Stopping endpoint at coap://0.0.0.0:8020
2020-10-30 12:01:48 ERROR CoapServer:226 - cannot start server endpoint [0.0.0.0/0.0.0.0:8020]
java.net.BindException: Address already in use (Bind failed)
	at java.base/java.net.PlainDatagramSocketImpl.bind0(Native Method)
	at java.base/java.net.AbstractPlainDatagramSocketImpl.bind(AbstractPlainDatagramSocketImpl.java:131)
	at java.base/java.net.DatagramSocket.bind(DatagramSocket.java:394)
	at java.base/java.net.DatagramSocket.<init>(DatagramSocket.java:244)
	at java.base/java.net.DatagramSocket.<init>(DatagramSocket.java:301)
	at org.eclipse.californium.elements.UDPConnector.start(UDPConnector.java:144)
	at org.eclipse.californium.core.network.CoapEndpoint.start(CoapEndpoint.java:480)
	at org.eclipse.californium.core.CoapServer.start(CoapServer.java:222)
	at it.unibo.kactor.QakContext.<init>(QakContext.kt:64)
	at it.unibo.kactor.QakContext.<init>(QakContext.kt:12)
	at it.unibo.kactor.sysUtil.createTheContext(sysUtil.kt:136)
	at it.unibo.kactor.sysUtil.createContexts(sysUtil.kt:99)
	at it.unibo.kactor.QakContext$Companion.createContexts(QakContext.kt:32)
	at it.unibo.ctxbasicrobot.MainCtxBasicrobotKt$main$1.invokeSuspend(MainCtxBasicrobot.kt:8)
	at kotlin.coroutines.jvm.internal.BaseContinuationImpl.resumeWith(ContinuationImpl.kt:33)
	at kotlinx.coroutines.DispatchedTask.run(Dispatched.kt:233)
	at kotlinx.coroutines.EventLoopImplBase.processNextEvent(EventLoop.kt:116)
	at kotlinx.coroutines.BlockingCoroutine.joinBlocking(Builders.kt:76)
	at kotlinx.coroutines.BuildersKt__BuildersKt.runBlocking(Builders.kt:53)
	at kotlinx.coroutines.BuildersKt.runBlocking(Unknown Source)
	at kotlinx.coroutines.BuildersKt__BuildersKt.runBlocking$default(Builders.kt:35)
	at kotlinx.coroutines.BuildersKt.runBlocking$default(Unknown Source)
	at it.unibo.ctxbasicrobot.MainCtxBasicrobotKt.main(MainCtxBasicrobot.kt:7)
	at it.unibo.ctxbasicrobot.MainCtxBasicrobotKt.main(MainCtxBasicrobot.kt)
2020-10-30 12:10:01 INFO  NetworkConfig:372 - loading properties from file /home/xubuntu/eclipse-workspace/it.unibo.qak20.basicrobot-1.0/bin/Californium.properties
2020-10-30 12:10:01 INFO  RandomTokenGenerator:55 - using tokens of 8 bytes in length
2020-10-30 12:10:01 INFO  CoapEndpoint:423 - CoapEndpoint uses udp plain
2020-10-30 12:10:01 INFO  BlockwiseLayer:207 - BlockwiseLayer uses MAX_MESSAGE_SIZE=1024, PREFERRED_BLOCK_SIZE=512, BLOCKWISE_STATUS_LIFETIME=300000 and MAX_RESOURCE_BODY_SIZE=8192
2020-10-30 12:10:01 INFO  ReliabilityLayer:83 - ReliabilityLayer uses ACK_TIMEOUT=2000, ACK_RANDOM_FACTOR=1.5, and ACK_TIMEOUT_SCALE=2.0
2020-10-30 12:10:01 INFO  CoapServer:207 - Starting server
2020-10-30 12:10:01 INFO  CoapEndpoint:515 - Stopping endpoint at coap://0.0.0.0:8020
2020-10-30 12:10:01 ERROR CoapServer:226 - cannot start server endpoint [0.0.0.0/0.0.0.0:8020]
java.net.BindException: Address already in use (Bind failed)
	at java.base/java.net.PlainDatagramSocketImpl.bind0(Native Method)
	at java.base/java.net.AbstractPlainDatagramSocketImpl.bind(AbstractPlainDatagramSocketImpl.java:131)
	at java.base/java.net.DatagramSocket.bind(DatagramSocket.java:394)
	at java.base/java.net.DatagramSocket.<init>(DatagramSocket.java:244)
	at java.base/java.net.DatagramSocket.<init>(DatagramSocket.java:301)
	at org.eclipse.californium.elements.UDPConnector.start(UDPConnector.java:144)
	at org.eclipse.californium.core.network.CoapEndpoint.start(CoapEndpoint.java:480)
	at org.eclipse.californium.core.CoapServer.start(CoapServer.java:222)
	at it.unibo.kactor.QakContext.<init>(QakContext.kt:64)
	at it.unibo.kactor.QakContext.<init>(QakContext.kt:12)
	at it.unibo.kactor.sysUtil.createTheContext(sysUtil.kt:136)
	at it.unibo.kactor.sysUtil.createContexts(sysUtil.kt:99)
	at it.unibo.kactor.QakContext$Companion.createContexts(QakContext.kt:32)
	at it.unibo.ctxbasicrobot.MainCtxBasicrobotKt$main$1.invokeSuspend(MainCtxBasicrobot.kt:8)
	at kotlin.coroutines.jvm.internal.BaseContinuationImpl.resumeWith(ContinuationImpl.kt:33)
	at kotlinx.coroutines.DispatchedTask.run(Dispatched.kt:233)
	at kotlinx.coroutines.EventLoopImplBase.processNextEvent(EventLoop.kt:116)
	at kotlinx.coroutines.BlockingCoroutine.joinBlocking(Builders.kt:76)
	at kotlinx.coroutines.BuildersKt__BuildersKt.runBlocking(Builders.kt:53)
	at kotlinx.coroutines.BuildersKt.runBlocking(Unknown Source)
	at kotlinx.coroutines.BuildersKt__BuildersKt.runBlocking$default(Builders.kt:35)
	at kotlinx.coroutines.BuildersKt.runBlocking$default(Unknown Source)
	at it.unibo.ctxbasicrobot.MainCtxBasicrobotKt.main(MainCtxBasicrobot.kt:7)
	at it.unibo.ctxbasicrobot.MainCtxBasicrobotKt.main(MainCtxBasicrobot.kt)
2020-10-30 12:20:53 INFO  NetworkConfig:372 - loading properties from file /home/xubuntu/eclipse-workspace/it.unibo.qak20.basicrobot-1.0/bin/Californium.properties
2020-10-30 12:20:53 INFO  RandomTokenGenerator:55 - using tokens of 8 bytes in length
2020-10-30 12:20:53 INFO  CoapEndpoint:423 - CoapEndpoint uses udp plain
2020-10-30 12:20:53 INFO  BlockwiseLayer:207 - BlockwiseLayer uses MAX_MESSAGE_SIZE=1024, PREFERRED_BLOCK_SIZE=512, BLOCKWISE_STATUS_LIFETIME=300000 and MAX_RESOURCE_BODY_SIZE=8192
2020-10-30 12:20:53 INFO  ReliabilityLayer:83 - ReliabilityLayer uses ACK_TIMEOUT=2000, ACK_RANDOM_FACTOR=1.5, and ACK_TIMEOUT_SCALE=2.0
2020-10-30 12:20:53 INFO  CoapServer:207 - Starting server
2020-10-30 12:20:53 INFO  CoapEndpoint:515 - Stopping endpoint at coap://0.0.0.0:8020
2020-10-30 12:20:53 ERROR CoapServer:226 - cannot start server endpoint [0.0.0.0/0.0.0.0:8020]
java.net.BindException: Address already in use (Bind failed)
	at java.base/java.net.PlainDatagramSocketImpl.bind0(Native Method)
	at java.base/java.net.AbstractPlainDatagramSocketImpl.bind(AbstractPlainDatagramSocketImpl.java:131)
	at java.base/java.net.DatagramSocket.bind(DatagramSocket.java:394)
	at java.base/java.net.DatagramSocket.<init>(DatagramSocket.java:244)
	at java.base/java.net.DatagramSocket.<init>(DatagramSocket.java:301)
	at org.eclipse.californium.elements.UDPConnector.start(UDPConnector.java:144)
	at org.eclipse.californium.core.network.CoapEndpoint.start(CoapEndpoint.java:480)
	at org.eclipse.californium.core.CoapServer.start(CoapServer.java:222)
	at it.unibo.kactor.QakContext.<init>(QakContext.kt:64)
	at it.unibo.kactor.QakContext.<init>(QakContext.kt:12)
	at it.unibo.kactor.sysUtil.createTheContext(sysUtil.kt:136)
	at it.unibo.kactor.sysUtil.createContexts(sysUtil.kt:99)
	at it.unibo.kactor.QakContext$Companion.createContexts(QakContext.kt:32)
	at it.unibo.ctxbasicrobot.MainCtxBasicrobotKt$main$1.invokeSuspend(MainCtxBasicrobot.kt:8)
	at kotlin.coroutines.jvm.internal.BaseContinuationImpl.resumeWith(ContinuationImpl.kt:33)
	at kotlinx.coroutines.DispatchedTask.run(Dispatched.kt:233)
	at kotlinx.coroutines.EventLoopImplBase.processNextEvent(EventLoop.kt:116)
	at kotlinx.coroutines.BlockingCoroutine.joinBlocking(Builders.kt:76)
	at kotlinx.coroutines.BuildersKt__BuildersKt.runBlocking(Builders.kt:53)
	at kotlinx.coroutines.BuildersKt.runBlocking(Unknown Source)
	at kotlinx.coroutines.BuildersKt__BuildersKt.runBlocking$default(Builders.kt:35)
	at kotlinx.coroutines.BuildersKt.runBlocking$default(Unknown Source)
	at it.unibo.ctxbasicrobot.MainCtxBasicrobotKt.main(MainCtxBasicrobot.kt:7)
	at it.unibo.ctxbasicrobot.MainCtxBasicrobotKt.main(MainCtxBasicrobot.kt)
2020-10-30 12:21:55 INFO  NetworkConfig:372 - loading properties from file /home/xubuntu/eclipse-workspace/it.unibo.qak20.basicrobot-1.0/bin/Californium.properties
2020-10-30 12:21:55 INFO  RandomTokenGenerator:55 - using tokens of 8 bytes in length
2020-10-30 12:21:55 INFO  CoapEndpoint:423 - CoapEndpoint uses udp plain
2020-10-30 12:21:55 INFO  BlockwiseLayer:207 - BlockwiseLayer uses MAX_MESSAGE_SIZE=1024, PREFERRED_BLOCK_SIZE=512, BLOCKWISE_STATUS_LIFETIME=300000 and MAX_RESOURCE_BODY_SIZE=8192
2020-10-30 12:21:55 INFO  ReliabilityLayer:83 - ReliabilityLayer uses ACK_TIMEOUT=2000, ACK_RANDOM_FACTOR=1.5, and ACK_TIMEOUT_SCALE=2.0
2020-10-30 12:21:55 INFO  CoapServer:207 - Starting server
2020-10-30 12:21:55 INFO  CoapEndpoint:515 - Stopping endpoint at coap://0.0.0.0:8020
2020-10-30 12:21:55 ERROR CoapServer:226 - cannot start server endpoint [0.0.0.0/0.0.0.0:8020]
java.net.BindException: Address already in use (Bind failed)
	at java.base/java.net.PlainDatagramSocketImpl.bind0(Native Method)
	at java.base/java.net.AbstractPlainDatagramSocketImpl.bind(AbstractPlainDatagramSocketImpl.java:131)
	at java.base/java.net.DatagramSocket.bind(DatagramSocket.java:394)
	at java.base/java.net.DatagramSocket.<init>(DatagramSocket.java:244)
	at java.base/java.net.DatagramSocket.<init>(DatagramSocket.java:301)
	at org.eclipse.californium.elements.UDPConnector.start(UDPConnector.java:144)
	at org.eclipse.californium.core.network.CoapEndpoint.start(CoapEndpoint.java:480)
	at org.eclipse.californium.core.CoapServer.start(CoapServer.java:222)
	at it.unibo.kactor.QakContext.<init>(QakContext.kt:64)
	at it.unibo.kactor.QakContext.<init>(QakContext.kt:12)
	at it.unibo.kactor.sysUtil.createTheContext(sysUtil.kt:136)
	at it.unibo.kactor.sysUtil.createContexts(sysUtil.kt:99)
	at it.unibo.kactor.QakContext$Companion.createContexts(QakContext.kt:32)
	at it.unibo.ctxbasicrobot.MainCtxBasicrobotKt$main$1.invokeSuspend(MainCtxBasicrobot.kt:8)
	at kotlin.coroutines.jvm.internal.BaseContinuationImpl.resumeWith(ContinuationImpl.kt:33)
	at kotlinx.coroutines.DispatchedTask.run(Dispatched.kt:233)
	at kotlinx.coroutines.EventLoopImplBase.processNextEvent(EventLoop.kt:116)
	at kotlinx.coroutines.BlockingCoroutine.joinBlocking(Builders.kt:76)
	at kotlinx.coroutines.BuildersKt__BuildersKt.runBlocking(Builders.kt:53)
	at kotlinx.coroutines.BuildersKt.runBlocking(Unknown Source)
	at kotlinx.coroutines.BuildersKt__BuildersKt.runBlocking$default(Builders.kt:35)
	at kotlinx.coroutines.BuildersKt.runBlocking$default(Unknown Source)
	at it.unibo.ctxbasicrobot.MainCtxBasicrobotKt.main(MainCtxBasicrobot.kt:7)
	at it.unibo.ctxbasicrobot.MainCtxBasicrobotKt.main(MainCtxBasicrobot.kt)
2020-10-30 12:26:44 INFO  NetworkConfig:372 - loading properties from file /home/xubuntu/eclipse-workspace/it.unibo.qak20.basicrobot-1.0/bin/Californium.properties
2020-10-30 12:26:44 INFO  RandomTokenGenerator:55 - using tokens of 8 bytes in length
2020-10-30 12:26:44 INFO  CoapEndpoint:423 - CoapEndpoint uses udp plain
2020-10-30 12:26:44 INFO  BlockwiseLayer:207 - BlockwiseLayer uses MAX_MESSAGE_SIZE=1024, PREFERRED_BLOCK_SIZE=512, BLOCKWISE_STATUS_LIFETIME=300000 and MAX_RESOURCE_BODY_SIZE=8192
2020-10-30 12:26:44 INFO  ReliabilityLayer:83 - ReliabilityLayer uses ACK_TIMEOUT=2000, ACK_RANDOM_FACTOR=1.5, and ACK_TIMEOUT_SCALE=2.0
2020-10-30 12:26:44 INFO  CoapServer:207 - Starting server
2020-10-30 12:26:44 INFO  CoapEndpoint:515 - Stopping endpoint at coap://0.0.0.0:8020
2020-10-30 12:26:44 ERROR CoapServer:226 - cannot start server endpoint [0.0.0.0/0.0.0.0:8020]
java.net.BindException: Address already in use (Bind failed)
	at java.base/java.net.PlainDatagramSocketImpl.bind0(Native Method)
	at java.base/java.net.AbstractPlainDatagramSocketImpl.bind(AbstractPlainDatagramSocketImpl.java:131)
	at java.base/java.net.DatagramSocket.bind(DatagramSocket.java:394)
	at java.base/java.net.DatagramSocket.<init>(DatagramSocket.java:244)
	at java.base/java.net.DatagramSocket.<init>(DatagramSocket.java:301)
	at org.eclipse.californium.elements.UDPConnector.start(UDPConnector.java:144)
	at org.eclipse.californium.core.network.CoapEndpoint.start(CoapEndpoint.java:480)
	at org.eclipse.californium.core.CoapServer.start(CoapServer.java:222)
	at it.unibo.kactor.QakContext.<init>(QakContext.kt:64)
	at it.unibo.kactor.QakContext.<init>(QakContext.kt:12)
	at it.unibo.kactor.sysUtil.createTheContext(sysUtil.kt:136)
	at it.unibo.kactor.sysUtil.createContexts(sysUtil.kt:99)
	at it.unibo.kactor.QakContext$Companion.createContexts(QakContext.kt:32)
	at it.unibo.ctxbasicrobot.MainCtxBasicrobotKt$main$1.invokeSuspend(MainCtxBasicrobot.kt:8)
	at kotlin.coroutines.jvm.internal.BaseContinuationImpl.resumeWith(ContinuationImpl.kt:33)
	at kotlinx.coroutines.DispatchedTask.run(Dispatched.kt:233)
	at kotlinx.coroutines.EventLoopImplBase.processNextEvent(EventLoop.kt:116)
	at kotlinx.coroutines.BlockingCoroutine.joinBlocking(Builders.kt:76)
	at kotlinx.coroutines.BuildersKt__BuildersKt.runBlocking(Builders.kt:53)
	at kotlinx.coroutines.BuildersKt.runBlocking(Unknown Source)
	at kotlinx.coroutines.BuildersKt__BuildersKt.runBlocking$default(Builders.kt:35)
	at kotlinx.coroutines.BuildersKt.runBlocking$default(Unknown Source)
	at it.unibo.ctxbasicrobot.MainCtxBasicrobotKt.main(MainCtxBasicrobot.kt:7)
	at it.unibo.ctxbasicrobot.MainCtxBasicrobotKt.main(MainCtxBasicrobot.kt)
2020-10-30 12:30:54 INFO  NetworkConfig:372 - loading properties from file /home/xubuntu/eclipse-workspace/it.unibo.qak20.basicrobot-1.0/bin/Californium.properties
2020-10-30 12:30:54 INFO  RandomTokenGenerator:55 - using tokens of 8 bytes in length
2020-10-30 12:30:54 INFO  CoapEndpoint:423 - CoapEndpoint uses udp plain
2020-10-30 12:30:54 INFO  BlockwiseLayer:207 - BlockwiseLayer uses MAX_MESSAGE_SIZE=1024, PREFERRED_BLOCK_SIZE=512, BLOCKWISE_STATUS_LIFETIME=300000 and MAX_RESOURCE_BODY_SIZE=8192
2020-10-30 12:30:54 INFO  ReliabilityLayer:83 - ReliabilityLayer uses ACK_TIMEOUT=2000, ACK_RANDOM_FACTOR=1.5, and ACK_TIMEOUT_SCALE=2.0
2020-10-30 12:30:55 INFO  CoapServer:207 - Starting server
2020-10-30 12:30:55 INFO  CoapEndpoint:515 - Stopping endpoint at coap://0.0.0.0:8020
2020-10-30 12:30:55 ERROR CoapServer:226 - cannot start server endpoint [0.0.0.0/0.0.0.0:8020]
java.net.BindException: Address already in use (Bind failed)
	at java.base/java.net.PlainDatagramSocketImpl.bind0(Native Method)
	at java.base/java.net.AbstractPlainDatagramSocketImpl.bind(AbstractPlainDatagramSocketImpl.java:131)
	at java.base/java.net.DatagramSocket.bind(DatagramSocket.java:394)
	at java.base/java.net.DatagramSocket.<init>(DatagramSocket.java:244)
	at java.base/java.net.DatagramSocket.<init>(DatagramSocket.java:301)
	at org.eclipse.californium.elements.UDPConnector.start(UDPConnector.java:144)
	at org.eclipse.californium.core.network.CoapEndpoint.start(CoapEndpoint.java:480)
	at org.eclipse.californium.core.CoapServer.start(CoapServer.java:222)
	at it.unibo.kactor.QakContext.<init>(QakContext.kt:64)
	at it.unibo.kactor.QakContext.<init>(QakContext.kt:12)
	at it.unibo.kactor.sysUtil.createTheContext(sysUtil.kt:136)
	at it.unibo.kactor.sysUtil.createContexts(sysUtil.kt:99)
	at it.unibo.kactor.QakContext$Companion.createContexts(QakContext.kt:32)
	at it.unibo.ctxbasicrobot.MainCtxBasicrobotKt$main$1.invokeSuspend(MainCtxBasicrobot.kt:8)
	at kotlin.coroutines.jvm.internal.BaseContinuationImpl.resumeWith(ContinuationImpl.kt:33)
	at kotlinx.coroutines.DispatchedTask.run(Dispatched.kt:233)
	at kotlinx.coroutines.EventLoopImplBase.processNextEvent(EventLoop.kt:116)
	at kotlinx.coroutines.BlockingCoroutine.joinBlocking(Builders.kt:76)
	at kotlinx.coroutines.BuildersKt__BuildersKt.runBlocking(Builders.kt:53)
	at kotlinx.coroutines.BuildersKt.runBlocking(Unknown Source)
	at kotlinx.coroutines.BuildersKt__BuildersKt.runBlocking$default(Builders.kt:35)
	at kotlinx.coroutines.BuildersKt.runBlocking$default(Unknown Source)
	at it.unibo.ctxbasicrobot.MainCtxBasicrobotKt.main(MainCtxBasicrobot.kt:7)
	at it.unibo.ctxbasicrobot.MainCtxBasicrobotKt.main(MainCtxBasicrobot.kt)
2020-10-30 12:33:16 INFO  NetworkConfig:372 - loading properties from file /home/xubuntu/eclipse-workspace/it.unibo.qak20.basicrobot-1.0/bin/Californium.properties
2020-10-30 12:33:16 INFO  RandomTokenGenerator:55 - using tokens of 8 bytes in length
2020-10-30 12:33:17 INFO  CoapEndpoint:423 - CoapEndpoint uses udp plain
2020-10-30 12:33:17 INFO  BlockwiseLayer:207 - BlockwiseLayer uses MAX_MESSAGE_SIZE=1024, PREFERRED_BLOCK_SIZE=512, BLOCKWISE_STATUS_LIFETIME=300000 and MAX_RESOURCE_BODY_SIZE=8192
2020-10-30 12:33:17 INFO  ReliabilityLayer:83 - ReliabilityLayer uses ACK_TIMEOUT=2000, ACK_RANDOM_FACTOR=1.5, and ACK_TIMEOUT_SCALE=2.0
2020-10-30 12:33:17 INFO  CoapServer:207 - Starting server
2020-10-30 12:33:17 INFO  CoapEndpoint:515 - Stopping endpoint at coap://0.0.0.0:8020
2020-10-30 12:33:17 ERROR CoapServer:226 - cannot start server endpoint [0.0.0.0/0.0.0.0:8020]
java.net.BindException: Address already in use (Bind failed)
	at java.base/java.net.PlainDatagramSocketImpl.bind0(Native Method)
	at java.base/java.net.AbstractPlainDatagramSocketImpl.bind(AbstractPlainDatagramSocketImpl.java:131)
	at java.base/java.net.DatagramSocket.bind(DatagramSocket.java:394)
	at java.base/java.net.DatagramSocket.<init>(DatagramSocket.java:244)
	at java.base/java.net.DatagramSocket.<init>(DatagramSocket.java:301)
	at org.eclipse.californium.elements.UDPConnector.start(UDPConnector.java:144)
	at org.eclipse.californium.core.network.CoapEndpoint.start(CoapEndpoint.java:480)
	at org.eclipse.californium.core.CoapServer.start(CoapServer.java:222)
	at it.unibo.kactor.QakContext.<init>(QakContext.kt:64)
	at it.unibo.kactor.QakContext.<init>(QakContext.kt:12)
	at it.unibo.kactor.sysUtil.createTheContext(sysUtil.kt:136)
	at it.unibo.kactor.sysUtil.createContexts(sysUtil.kt:99)
	at it.unibo.kactor.QakContext$Companion.createContexts(QakContext.kt:32)
	at it.unibo.ctxbasicrobot.MainCtxBasicrobotKt$main$1.invokeSuspend(MainCtxBasicrobot.kt:8)
	at kotlin.coroutines.jvm.internal.BaseContinuationImpl.resumeWith(ContinuationImpl.kt:33)
	at kotlinx.coroutines.DispatchedTask.run(Dispatched.kt:233)
	at kotlinx.coroutines.EventLoopImplBase.processNextEvent(EventLoop.kt:116)
	at kotlinx.coroutines.BlockingCoroutine.joinBlocking(Builders.kt:76)
	at kotlinx.coroutines.BuildersKt__BuildersKt.runBlocking(Builders.kt:53)
	at kotlinx.coroutines.BuildersKt.runBlocking(Unknown Source)
	at kotlinx.coroutines.BuildersKt__BuildersKt.runBlocking$default(Builders.kt:35)
	at kotlinx.coroutines.BuildersKt.runBlocking$default(Unknown Source)
	at it.unibo.ctxbasicrobot.MainCtxBasicrobotKt.main(MainCtxBasicrobot.kt:7)
	at it.unibo.ctxbasicrobot.MainCtxBasicrobotKt.main(MainCtxBasicrobot.kt)
2020-10-30 12:45:26 INFO  NetworkConfig:372 - loading properties from file /home/xubuntu/eclipse-workspace/it.unibo.qak20.basicrobot-1.0/bin/Californium.properties
2020-10-30 12:45:26 INFO  RandomTokenGenerator:55 - using tokens of 8 bytes in length
2020-10-30 12:45:26 INFO  CoapEndpoint:423 - CoapEndpoint uses udp plain
2020-10-30 12:45:26 INFO  BlockwiseLayer:207 - BlockwiseLayer uses MAX_MESSAGE_SIZE=1024, PREFERRED_BLOCK_SIZE=512, BLOCKWISE_STATUS_LIFETIME=300000 and MAX_RESOURCE_BODY_SIZE=8192
2020-10-30 12:45:26 INFO  ReliabilityLayer:83 - ReliabilityLayer uses ACK_TIMEOUT=2000, ACK_RANDOM_FACTOR=1.5, and ACK_TIMEOUT_SCALE=2.0
2020-10-30 12:45:26 INFO  CoapServer:207 - Starting server
2020-10-30 12:45:26 INFO  CoapEndpoint:515 - Stopping endpoint at coap://0.0.0.0:8020
2020-10-30 12:45:26 ERROR CoapServer:226 - cannot start server endpoint [0.0.0.0/0.0.0.0:8020]
java.net.BindException: Address already in use (Bind failed)
	at java.base/java.net.PlainDatagramSocketImpl.bind0(Native Method)
	at java.base/java.net.AbstractPlainDatagramSocketImpl.bind(AbstractPlainDatagramSocketImpl.java:131)
	at java.base/java.net.DatagramSocket.bind(DatagramSocket.java:394)
	at java.base/java.net.DatagramSocket.<init>(DatagramSocket.java:244)
	at java.base/java.net.DatagramSocket.<init>(DatagramSocket.java:301)
	at org.eclipse.californium.elements.UDPConnector.start(UDPConnector.java:144)
	at org.eclipse.californium.core.network.CoapEndpoint.start(CoapEndpoint.java:480)
	at org.eclipse.californium.core.CoapServer.start(CoapServer.java:222)
	at it.unibo.kactor.QakContext.<init>(QakContext.kt:64)
	at it.unibo.kactor.QakContext.<init>(QakContext.kt:12)
	at it.unibo.kactor.sysUtil.createTheContext(sysUtil.kt:136)
	at it.unibo.kactor.sysUtil.createContexts(sysUtil.kt:99)
	at it.unibo.kactor.QakContext$Companion.createContexts(QakContext.kt:32)
	at it.unibo.ctxbasicrobot.MainCtxBasicrobotKt$main$1.invokeSuspend(MainCtxBasicrobot.kt:8)
	at kotlin.coroutines.jvm.internal.BaseContinuationImpl.resumeWith(ContinuationImpl.kt:33)
	at kotlinx.coroutines.DispatchedTask.run(Dispatched.kt:233)
	at kotlinx.coroutines.EventLoopImplBase.processNextEvent(EventLoop.kt:116)
	at kotlinx.coroutines.BlockingCoroutine.joinBlocking(Builders.kt:76)
	at kotlinx.coroutines.BuildersKt__BuildersKt.runBlocking(Builders.kt:53)
	at kotlinx.coroutines.BuildersKt.runBlocking(Unknown Source)
	at kotlinx.coroutines.BuildersKt__BuildersKt.runBlocking$default(Builders.kt:35)
	at kotlinx.coroutines.BuildersKt.runBlocking$default(Unknown Source)
	at it.unibo.ctxbasicrobot.MainCtxBasicrobotKt.main(MainCtxBasicrobot.kt:7)
	at it.unibo.ctxbasicrobot.MainCtxBasicrobotKt.main(MainCtxBasicrobot.kt)
2020-10-30 12:50:28 INFO  NetworkConfig:372 - loading properties from file /home/xubuntu/eclipse-workspace/it.unibo.qak20.basicrobot-1.0/bin/Californium.properties
2020-10-30 12:50:28 INFO  RandomTokenGenerator:55 - using tokens of 8 bytes in length
2020-10-30 12:50:28 INFO  CoapEndpoint:423 - CoapEndpoint uses udp plain
2020-10-30 12:50:28 INFO  BlockwiseLayer:207 - BlockwiseLayer uses MAX_MESSAGE_SIZE=1024, PREFERRED_BLOCK_SIZE=512, BLOCKWISE_STATUS_LIFETIME=300000 and MAX_RESOURCE_BODY_SIZE=8192
2020-10-30 12:50:28 INFO  ReliabilityLayer:83 - ReliabilityLayer uses ACK_TIMEOUT=2000, ACK_RANDOM_FACTOR=1.5, and ACK_TIMEOUT_SCALE=2.0
2020-10-30 12:50:28 INFO  CoapServer:207 - Starting server
2020-10-30 12:50:28 INFO  CoapEndpoint:515 - Stopping endpoint at coap://0.0.0.0:8020
2020-10-30 12:50:28 ERROR CoapServer:226 - cannot start server endpoint [0.0.0.0/0.0.0.0:8020]
java.net.BindException: Address already in use (Bind failed)
	at java.base/java.net.PlainDatagramSocketImpl.bind0(Native Method)
	at java.base/java.net.AbstractPlainDatagramSocketImpl.bind(AbstractPlainDatagramSocketImpl.java:131)
	at java.base/java.net.DatagramSocket.bind(DatagramSocket.java:394)
	at java.base/java.net.DatagramSocket.<init>(DatagramSocket.java:244)
	at java.base/java.net.DatagramSocket.<init>(DatagramSocket.java:301)
	at org.eclipse.californium.elements.UDPConnector.start(UDPConnector.java:144)
	at org.eclipse.californium.core.network.CoapEndpoint.start(CoapEndpoint.java:480)
	at org.eclipse.californium.core.CoapServer.start(CoapServer.java:222)
	at it.unibo.kactor.QakContext.<init>(QakContext.kt:64)
	at it.unibo.kactor.QakContext.<init>(QakContext.kt:12)
	at it.unibo.kactor.sysUtil.createTheContext(sysUtil.kt:136)
	at it.unibo.kactor.sysUtil.createContexts(sysUtil.kt:99)
	at it.unibo.kactor.QakContext$Companion.createContexts(QakContext.kt:32)
	at it.unibo.ctxbasicrobot.MainCtxBasicrobotKt$main$1.invokeSuspend(MainCtxBasicrobot.kt:8)
	at kotlin.coroutines.jvm.internal.BaseContinuationImpl.resumeWith(ContinuationImpl.kt:33)
	at kotlinx.coroutines.DispatchedTask.run(Dispatched.kt:233)
	at kotlinx.coroutines.EventLoopImplBase.processNextEvent(EventLoop.kt:116)
	at kotlinx.coroutines.BlockingCoroutine.joinBlocking(Builders.kt:76)
	at kotlinx.coroutines.BuildersKt__BuildersKt.runBlocking(Builders.kt:53)
	at kotlinx.coroutines.BuildersKt.runBlocking(Unknown Source)
	at kotlinx.coroutines.BuildersKt__BuildersKt.runBlocking$default(Builders.kt:35)
	at kotlinx.coroutines.BuildersKt.runBlocking$default(Unknown Source)
	at it.unibo.ctxbasicrobot.MainCtxBasicrobotKt.main(MainCtxBasicrobot.kt:7)
	at it.unibo.ctxbasicrobot.MainCtxBasicrobotKt.main(MainCtxBasicrobot.kt)
2020-10-30 18:10:09 INFO  NetworkConfig:372 - loading properties from file /home/xubuntu/eclipse-workspace/it.unibo.qak20.basicrobot-1.0/bin/Californium.properties
2020-10-30 18:10:09 INFO  RandomTokenGenerator:55 - using tokens of 8 bytes in length
2020-10-30 18:10:09 INFO  CoapEndpoint:423 - CoapEndpoint uses udp plain
2020-10-30 18:10:09 INFO  BlockwiseLayer:207 - BlockwiseLayer uses MAX_MESSAGE_SIZE=1024, PREFERRED_BLOCK_SIZE=512, BLOCKWISE_STATUS_LIFETIME=300000 and MAX_RESOURCE_BODY_SIZE=8192
2020-10-30 18:10:09 INFO  ReliabilityLayer:83 - ReliabilityLayer uses ACK_TIMEOUT=2000, ACK_RANDOM_FACTOR=1.5, and ACK_TIMEOUT_SCALE=2.0
2020-10-30 18:10:09 INFO  CoapServer:207 - Starting server
2020-10-30 18:10:09 INFO  UDPConnector:161 - UDPConnector starts up 8 sender threads and 8 receiver threads
2020-10-30 18:10:09 INFO  UDPConnector:187 - UDPConnector listening on 0.0.0.0/0.0.0.0:8020, recv buf = 106496, send buf = 106496, recv packet size = 2048
2020-10-30 18:10:09 INFO  CoapEndpoint:485 - Started endpoint at coap://0.0.0.0:8020
2020-10-30 18:14:31 INFO  NetworkConfig:372 - loading properties from file /home/xubuntu/eclipse-workspace/it.unibo.qak20.basicrobot-1.0/bin/Californium.properties
2020-10-30 18:14:31 INFO  RandomTokenGenerator:55 - using tokens of 8 bytes in length
2020-10-30 18:14:31 INFO  CoapEndpoint:423 - CoapEndpoint uses udp plain
2020-10-30 18:14:31 INFO  BlockwiseLayer:207 - BlockwiseLayer uses MAX_MESSAGE_SIZE=1024, PREFERRED_BLOCK_SIZE=512, BLOCKWISE_STATUS_LIFETIME=300000 and MAX_RESOURCE_BODY_SIZE=8192
2020-10-30 18:14:31 INFO  ReliabilityLayer:83 - ReliabilityLayer uses ACK_TIMEOUT=2000, ACK_RANDOM_FACTOR=1.5, and ACK_TIMEOUT_SCALE=2.0
2020-10-30 18:14:31 INFO  CoapServer:207 - Starting server
2020-10-30 18:14:31 INFO  UDPConnector:161 - UDPConnector starts up 8 sender threads and 8 receiver threads
2020-10-30 18:14:31 INFO  UDPConnector:187 - UDPConnector listening on 0.0.0.0/0.0.0.0:8020, recv buf = 106496, send buf = 106496, recv packet size = 2048
2020-10-30 18:14:31 INFO  CoapEndpoint:485 - Started endpoint at coap://0.0.0.0:8020
2020-10-30 18:20:08 INFO  NetworkConfig:372 - loading properties from file /home/xubuntu/eclipse-workspace/it.unibo.qak20.basicrobot-1.0/bin/Californium.properties
2020-10-30 18:20:08 INFO  RandomTokenGenerator:55 - using tokens of 8 bytes in length
2020-10-30 18:20:08 INFO  CoapEndpoint:423 - CoapEndpoint uses udp plain
2020-10-30 18:20:08 INFO  BlockwiseLayer:207 - BlockwiseLayer uses MAX_MESSAGE_SIZE=1024, PREFERRED_BLOCK_SIZE=512, BLOCKWISE_STATUS_LIFETIME=300000 and MAX_RESOURCE_BODY_SIZE=8192
2020-10-30 18:20:08 INFO  ReliabilityLayer:83 - ReliabilityLayer uses ACK_TIMEOUT=2000, ACK_RANDOM_FACTOR=1.5, and ACK_TIMEOUT_SCALE=2.0
2020-10-30 18:20:08 INFO  CoapServer:207 - Starting server
2020-10-30 18:20:08 INFO  UDPConnector:161 - UDPConnector starts up 8 sender threads and 8 receiver threads
2020-10-30 18:20:08 INFO  UDPConnector:187 - UDPConnector listening on 0.0.0.0/0.0.0.0:8020, recv buf = 106496, send buf = 106496, recv packet size = 2048
2020-10-30 18:20:08 INFO  CoapEndpoint:485 - Started endpoint at coap://0.0.0.0:8020
2020-10-30 18:20:34 INFO  NetworkConfig:372 - loading properties from file /home/xubuntu/eclipse-workspace/it.unibo.qak20.basicrobot-1.0/bin/Californium.properties
2020-10-30 18:20:34 INFO  RandomTokenGenerator:55 - using tokens of 8 bytes in length
2020-10-30 18:20:34 INFO  CoapEndpoint:423 - CoapEndpoint uses udp plain
2020-10-30 18:20:34 INFO  BlockwiseLayer:207 - BlockwiseLayer uses MAX_MESSAGE_SIZE=1024, PREFERRED_BLOCK_SIZE=512, BLOCKWISE_STATUS_LIFETIME=300000 and MAX_RESOURCE_BODY_SIZE=8192
2020-10-30 18:20:34 INFO  ReliabilityLayer:83 - ReliabilityLayer uses ACK_TIMEOUT=2000, ACK_RANDOM_FACTOR=1.5, and ACK_TIMEOUT_SCALE=2.0
2020-10-30 18:20:34 INFO  CoapServer:207 - Starting server
2020-10-30 18:20:34 INFO  UDPConnector:161 - UDPConnector starts up 8 sender threads and 8 receiver threads
2020-10-30 18:20:34 INFO  UDPConnector:187 - UDPConnector listening on 0.0.0.0/0.0.0.0:8020, recv buf = 106496, send buf = 106496, recv packet size = 2048
2020-10-30 18:20:34 INFO  CoapEndpoint:485 - Started endpoint at coap://0.0.0.0:8020
2020-10-31 18:06:27 INFO  NetworkConfig:372 - loading properties from file /home/xubuntu/eclipse-workspace/it.unibo.qak20.basicrobot-1.0/bin/Californium.properties
2020-10-31 18:06:27 INFO  RandomTokenGenerator:55 - using tokens of 8 bytes in length
2020-10-31 18:06:27 INFO  CoapEndpoint:423 - CoapEndpoint uses udp plain
2020-10-31 18:06:27 INFO  BlockwiseLayer:207 - BlockwiseLayer uses MAX_MESSAGE_SIZE=1024, PREFERRED_BLOCK_SIZE=512, BLOCKWISE_STATUS_LIFETIME=300000 and MAX_RESOURCE_BODY_SIZE=8192
2020-10-31 18:06:27 INFO  ReliabilityLayer:83 - ReliabilityLayer uses ACK_TIMEOUT=2000, ACK_RANDOM_FACTOR=1.5, and ACK_TIMEOUT_SCALE=2.0
2020-10-31 18:06:27 INFO  CoapServer:207 - Starting server
2020-10-31 18:06:27 INFO  UDPConnector:161 - UDPConnector starts up 8 sender threads and 8 receiver threads
2020-10-31 18:06:27 INFO  UDPConnector:187 - UDPConnector listening on 0.0.0.0/0.0.0.0:8020, recv buf = 106496, send buf = 106496, recv packet size = 2048
2020-10-31 18:06:27 INFO  CoapEndpoint:485 - Started endpoint at coap://0.0.0.0:8020
2020-11-02 22:45:48 INFO  NetworkConfig:372 - loading properties from file /home/xubuntu/eclipse-workspace/it.unibo.qak20.basicrobot-1.0/bin/Californium.properties
2020-11-02 22:45:48 INFO  RandomTokenGenerator:55 - using tokens of 8 bytes in length
2020-11-02 22:45:48 INFO  CoapEndpoint:423 - CoapEndpoint uses udp plain
2020-11-02 22:45:48 INFO  BlockwiseLayer:207 - BlockwiseLayer uses MAX_MESSAGE_SIZE=1024, PREFERRED_BLOCK_SIZE=512, BLOCKWISE_STATUS_LIFETIME=300000 and MAX_RESOURCE_BODY_SIZE=8192
2020-11-02 22:45:48 INFO  ReliabilityLayer:83 - ReliabilityLayer uses ACK_TIMEOUT=2000, ACK_RANDOM_FACTOR=1.5, and ACK_TIMEOUT_SCALE=2.0
2020-11-02 22:45:48 INFO  CoapServer:207 - Starting server
2020-11-02 22:45:48 INFO  UDPConnector:161 - UDPConnector starts up 8 sender threads and 8 receiver threads
2020-11-02 22:45:48 INFO  UDPConnector:187 - UDPConnector listening on 0.0.0.0/0.0.0.0:8020, recv buf = 106496, send buf = 106496, recv packet size = 2048
2020-11-02 22:45:48 INFO  CoapEndpoint:485 - Started endpoint at coap://0.0.0.0:8020
2020-11-02 22:58:29 INFO  NetworkConfig:372 - loading properties from file /home/xubuntu/eclipse-workspace/it.unibo.qak20.basicrobot-1.0/bin/Californium.properties
2020-11-02 22:58:29 INFO  RandomTokenGenerator:55 - using tokens of 8 bytes in length
2020-11-02 22:58:29 INFO  CoapEndpoint:423 - CoapEndpoint uses udp plain
2020-11-02 22:58:29 INFO  BlockwiseLayer:207 - BlockwiseLayer uses MAX_MESSAGE_SIZE=1024, PREFERRED_BLOCK_SIZE=512, BLOCKWISE_STATUS_LIFETIME=300000 and MAX_RESOURCE_BODY_SIZE=8192
2020-11-02 22:58:29 INFO  ReliabilityLayer:83 - ReliabilityLayer uses ACK_TIMEOUT=2000, ACK_RANDOM_FACTOR=1.5, and ACK_TIMEOUT_SCALE=2.0
2020-11-02 22:58:29 INFO  CoapServer:207 - Starting server
2020-11-02 22:58:29 INFO  UDPConnector:161 - UDPConnector starts up 8 sender threads and 8 receiver threads
2020-11-02 22:58:29 INFO  UDPConnector:187 - UDPConnector listening on 0.0.0.0/0.0.0.0:8020, recv buf = 106496, send buf = 106496, recv packet size = 2048
2020-11-02 22:58:29 INFO  CoapEndpoint:485 - Started endpoint at coap://0.0.0.0:8020
2020-11-02 23:31:15 INFO  NetworkConfig:372 - loading properties from file /home/xubuntu/eclipse-workspace/it.unibo.qak20.basicrobot-1.0/bin/Californium.properties
2020-11-02 23:31:16 INFO  RandomTokenGenerator:55 - using tokens of 8 bytes in length
2020-11-02 23:31:16 INFO  CoapEndpoint:423 - CoapEndpoint uses udp plain
2020-11-02 23:31:16 INFO  BlockwiseLayer:207 - BlockwiseLayer uses MAX_MESSAGE_SIZE=1024, PREFERRED_BLOCK_SIZE=512, BLOCKWISE_STATUS_LIFETIME=300000 and MAX_RESOURCE_BODY_SIZE=8192
2020-11-02 23:31:16 INFO  ReliabilityLayer:83 - ReliabilityLayer uses ACK_TIMEOUT=2000, ACK_RANDOM_FACTOR=1.5, and ACK_TIMEOUT_SCALE=2.0
2020-11-02 23:31:16 INFO  CoapServer:207 - Starting server
2020-11-02 23:31:16 INFO  UDPConnector:161 - UDPConnector starts up 8 sender threads and 8 receiver threads
2020-11-02 23:31:16 INFO  UDPConnector:187 - UDPConnector listening on 0.0.0.0/0.0.0.0:8020, recv buf = 106496, send buf = 106496, recv packet size = 2048
2020-11-02 23:31:16 INFO  CoapEndpoint:485 - Started endpoint at coap://0.0.0.0:8020
2020-11-03 23:20:50 INFO  NetworkConfig:372 - loading properties from file /home/xubuntu/eclipse-workspace/it.unibo.qak20.basicrobot-1.0/bin/Californium.properties
2020-11-03 23:20:50 INFO  RandomTokenGenerator:55 - using tokens of 8 bytes in length
2020-11-03 23:20:50 INFO  CoapEndpoint:423 - CoapEndpoint uses udp plain
2020-11-03 23:20:50 INFO  BlockwiseLayer:207 - BlockwiseLayer uses MAX_MESSAGE_SIZE=1024, PREFERRED_BLOCK_SIZE=512, BLOCKWISE_STATUS_LIFETIME=300000 and MAX_RESOURCE_BODY_SIZE=8192
2020-11-03 23:20:50 INFO  ReliabilityLayer:83 - ReliabilityLayer uses ACK_TIMEOUT=2000, ACK_RANDOM_FACTOR=1.5, and ACK_TIMEOUT_SCALE=2.0
2020-11-03 23:20:50 INFO  CoapServer:207 - Starting server
2020-11-03 23:20:50 INFO  UDPConnector:161 - UDPConnector starts up 8 sender threads and 8 receiver threads
2020-11-03 23:20:50 INFO  UDPConnector:187 - UDPConnector listening on 0.0.0.0/0.0.0.0:8020, recv buf = 106496, send buf = 106496, recv packet size = 2048
2020-11-03 23:20:50 INFO  CoapEndpoint:485 - Started endpoint at coap://0.0.0.0:8020
2020-11-05 23:47:19 INFO  NetworkConfig:372 - loading properties from file /home/xubuntu/eclipse-workspace/it.unibo.qak20.basicrobot-1.0/bin/Californium.properties
2020-11-05 23:47:19 INFO  RandomTokenGenerator:55 - using tokens of 8 bytes in length
2020-11-05 23:47:19 INFO  CoapEndpoint:423 - CoapEndpoint uses udp plain
2020-11-05 23:47:19 INFO  BlockwiseLayer:207 - BlockwiseLayer uses MAX_MESSAGE_SIZE=1024, PREFERRED_BLOCK_SIZE=512, BLOCKWISE_STATUS_LIFETIME=300000 and MAX_RESOURCE_BODY_SIZE=8192
2020-11-05 23:47:19 INFO  ReliabilityLayer:83 - ReliabilityLayer uses ACK_TIMEOUT=2000, ACK_RANDOM_FACTOR=1.5, and ACK_TIMEOUT_SCALE=2.0
2020-11-05 23:47:19 INFO  CoapServer:207 - Starting server
2020-11-05 23:47:19 INFO  UDPConnector:161 - UDPConnector starts up 8 sender threads and 8 receiver threads
2020-11-05 23:47:19 INFO  UDPConnector:187 - UDPConnector listening on 0.0.0.0/0.0.0.0:8020, recv buf = 106496, send buf = 106496, recv packet size = 2048
2020-11-05 23:47:19 INFO  CoapEndpoint:485 - Started endpoint at coap://0.0.0.0:8020
2020-11-06 00:13:44 INFO  NetworkConfig:372 - loading properties from file /home/xubuntu/eclipse-workspace/it.unibo.qak20.basicrobot-1.0/bin/Californium.properties
2020-11-06 00:13:44 INFO  RandomTokenGenerator:55 - using tokens of 8 bytes in length
2020-11-06 00:13:44 INFO  CoapEndpoint:423 - CoapEndpoint uses udp plain
2020-11-06 00:13:44 INFO  BlockwiseLayer:207 - BlockwiseLayer uses MAX_MESSAGE_SIZE=1024, PREFERRED_BLOCK_SIZE=512, BLOCKWISE_STATUS_LIFETIME=300000 and MAX_RESOURCE_BODY_SIZE=8192
2020-11-06 00:13:44 INFO  ReliabilityLayer:83 - ReliabilityLayer uses ACK_TIMEOUT=2000, ACK_RANDOM_FACTOR=1.5, and ACK_TIMEOUT_SCALE=2.0
2020-11-06 00:13:44 INFO  CoapServer:207 - Starting server
2020-11-06 00:13:44 INFO  UDPConnector:161 - UDPConnector starts up 8 sender threads and 8 receiver threads
2020-11-06 00:13:44 INFO  UDPConnector:187 - UDPConnector listening on 0.0.0.0/0.0.0.0:8020, recv buf = 106496, send buf = 106496, recv packet size = 2048
2020-11-06 00:13:44 INFO  CoapEndpoint:485 - Started endpoint at coap://0.0.0.0:8020
2020-11-06 00:15:07 INFO  NetworkConfig:372 - loading properties from file /home/xubuntu/eclipse-workspace/it.unibo.qak20.basicrobot-1.0/bin/Californium.properties
2020-11-06 00:15:07 INFO  RandomTokenGenerator:55 - using tokens of 8 bytes in length
2020-11-06 00:15:07 INFO  CoapEndpoint:423 - CoapEndpoint uses udp plain
2020-11-06 00:15:07 INFO  BlockwiseLayer:207 - BlockwiseLayer uses MAX_MESSAGE_SIZE=1024, PREFERRED_BLOCK_SIZE=512, BLOCKWISE_STATUS_LIFETIME=300000 and MAX_RESOURCE_BODY_SIZE=8192
2020-11-06 00:15:07 INFO  ReliabilityLayer:83 - ReliabilityLayer uses ACK_TIMEOUT=2000, ACK_RANDOM_FACTOR=1.5, and ACK_TIMEOUT_SCALE=2.0
2020-11-06 00:15:07 INFO  CoapServer:207 - Starting server
2020-11-06 00:15:07 INFO  UDPConnector:161 - UDPConnector starts up 8 sender threads and 8 receiver threads
2020-11-06 00:15:07 INFO  UDPConnector:187 - UDPConnector listening on 0.0.0.0/0.0.0.0:8020, recv buf = 106496, send buf = 106496, recv packet size = 2048
2020-11-06 00:15:07 INFO  CoapEndpoint:485 - Started endpoint at coap://0.0.0.0:8020
2020-11-06 10:13:03 INFO  NetworkConfig:372 - loading properties from file /home/xubuntu/eclipse-workspace/it.unibo.qak20.basicrobot-1.0/bin/Californium.properties
2020-11-06 10:13:03 INFO  RandomTokenGenerator:55 - using tokens of 8 bytes in length
2020-11-06 10:13:03 INFO  CoapEndpoint:423 - CoapEndpoint uses udp plain
2020-11-06 10:13:03 INFO  BlockwiseLayer:207 - BlockwiseLayer uses MAX_MESSAGE_SIZE=1024, PREFERRED_BLOCK_SIZE=512, BLOCKWISE_STATUS_LIFETIME=300000 and MAX_RESOURCE_BODY_SIZE=8192
2020-11-06 10:13:03 INFO  ReliabilityLayer:83 - ReliabilityLayer uses ACK_TIMEOUT=2000, ACK_RANDOM_FACTOR=1.5, and ACK_TIMEOUT_SCALE=2.0
2020-11-06 10:13:03 INFO  CoapServer:207 - Starting server
2020-11-06 10:13:03 INFO  UDPConnector:161 - UDPConnector starts up 8 sender threads and 8 receiver threads
2020-11-06 10:13:03 INFO  UDPConnector:187 - UDPConnector listening on 0.0.0.0/0.0.0.0:8020, recv buf = 106496, send buf = 106496, recv packet size = 2048
2020-11-06 10:13:03 INFO  CoapEndpoint:485 - Started endpoint at coap://0.0.0.0:8020
2020-11-06 10:15:31 INFO  NetworkConfig:372 - loading properties from file /home/xubuntu/eclipse-workspace/it.unibo.qak20.basicrobot-1.0/bin/Californium.properties
2020-11-06 10:15:31 INFO  RandomTokenGenerator:55 - using tokens of 8 bytes in length
2020-11-06 10:15:31 INFO  CoapEndpoint:423 - CoapEndpoint uses udp plain
2020-11-06 10:15:31 INFO  BlockwiseLayer:207 - BlockwiseLayer uses MAX_MESSAGE_SIZE=1024, PREFERRED_BLOCK_SIZE=512, BLOCKWISE_STATUS_LIFETIME=300000 and MAX_RESOURCE_BODY_SIZE=8192
2020-11-06 10:15:31 INFO  ReliabilityLayer:83 - ReliabilityLayer uses ACK_TIMEOUT=2000, ACK_RANDOM_FACTOR=1.5, and ACK_TIMEOUT_SCALE=2.0
2020-11-06 10:15:31 INFO  CoapServer:207 - Starting server
2020-11-06 10:15:31 INFO  UDPConnector:161 - UDPConnector starts up 8 sender threads and 8 receiver threads
2020-11-06 10:15:31 INFO  UDPConnector:187 - UDPConnector listening on 0.0.0.0/0.0.0.0:8020, recv buf = 106496, send buf = 106496, recv packet size = 2048
2020-11-06 10:15:31 INFO  CoapEndpoint:485 - Started endpoint at coap://0.0.0.0:8020
2020-11-06 19:31:55 INFO  NetworkConfig:372 - loading properties from file /home/xubuntu/eclipse-workspace/it.unibo.qak20.basicrobot-1.0/bin/Californium.properties
2020-11-06 19:31:55 INFO  RandomTokenGenerator:55 - using tokens of 8 bytes in length
2020-11-06 19:31:55 INFO  CoapEndpoint:423 - CoapEndpoint uses udp plain
2020-11-06 19:31:55 INFO  BlockwiseLayer:207 - BlockwiseLayer uses MAX_MESSAGE_SIZE=1024, PREFERRED_BLOCK_SIZE=512, BLOCKWISE_STATUS_LIFETIME=300000 and MAX_RESOURCE_BODY_SIZE=8192
2020-11-06 19:31:55 INFO  ReliabilityLayer:83 - ReliabilityLayer uses ACK_TIMEOUT=2000, ACK_RANDOM_FACTOR=1.5, and ACK_TIMEOUT_SCALE=2.0
2020-11-06 19:31:55 INFO  CoapServer:207 - Starting server
2020-11-06 19:31:56 INFO  UDPConnector:161 - UDPConnector starts up 8 sender threads and 8 receiver threads
2020-11-06 19:31:56 INFO  UDPConnector:187 - UDPConnector listening on 0.0.0.0/0.0.0.0:8020, recv buf = 106496, send buf = 106496, recv packet size = 2048
2020-11-06 19:31:56 INFO  CoapEndpoint:485 - Started endpoint at coap://0.0.0.0:8020
2020-11-06 19:40:46 INFO  NetworkConfig:372 - loading properties from file /home/xubuntu/eclipse-workspace/it.unibo.qak20.basicrobot-1.0/bin/Californium.properties
2020-11-06 19:40:46 INFO  RandomTokenGenerator:55 - using tokens of 8 bytes in length
2020-11-06 19:40:46 INFO  CoapEndpoint:423 - CoapEndpoint uses udp plain
2020-11-06 19:40:46 INFO  BlockwiseLayer:207 - BlockwiseLayer uses MAX_MESSAGE_SIZE=1024, PREFERRED_BLOCK_SIZE=512, BLOCKWISE_STATUS_LIFETIME=300000 and MAX_RESOURCE_BODY_SIZE=8192
2020-11-06 19:40:46 INFO  ReliabilityLayer:83 - ReliabilityLayer uses ACK_TIMEOUT=2000, ACK_RANDOM_FACTOR=1.5, and ACK_TIMEOUT_SCALE=2.0
2020-11-06 19:40:46 INFO  CoapServer:207 - Starting server
2020-11-06 19:40:46 INFO  UDPConnector:161 - UDPConnector starts up 8 sender threads and 8 receiver threads
2020-11-06 19:40:46 INFO  UDPConnector:187 - UDPConnector listening on 0.0.0.0/0.0.0.0:8020, recv buf = 106496, send buf = 106496, recv packet size = 2048
2020-11-06 19:40:46 INFO  CoapEndpoint:485 - Started endpoint at coap://0.0.0.0:8020
2020-11-06 23:16:33 INFO  NetworkConfig:372 - loading properties from file /home/xubuntu/eclipse-workspace/it.unibo.qak20.basicrobot-1.0/bin/Californium.properties
2020-11-06 23:16:33 INFO  RandomTokenGenerator:55 - using tokens of 8 bytes in length
2020-11-06 23:16:33 INFO  CoapEndpoint:423 - CoapEndpoint uses udp plain
2020-11-06 23:16:33 INFO  BlockwiseLayer:207 - BlockwiseLayer uses MAX_MESSAGE_SIZE=1024, PREFERRED_BLOCK_SIZE=512, BLOCKWISE_STATUS_LIFETIME=300000 and MAX_RESOURCE_BODY_SIZE=8192
2020-11-06 23:16:33 INFO  ReliabilityLayer:83 - ReliabilityLayer uses ACK_TIMEOUT=2000, ACK_RANDOM_FACTOR=1.5, and ACK_TIMEOUT_SCALE=2.0
2020-11-06 23:16:33 INFO  CoapServer:207 - Starting server
2020-11-06 23:16:33 INFO  UDPConnector:161 - UDPConnector starts up 8 sender threads and 8 receiver threads
2020-11-06 23:16:33 INFO  UDPConnector:187 - UDPConnector listening on 0.0.0.0/0.0.0.0:8020, recv buf = 106496, send buf = 106496, recv packet size = 2048
2020-11-06 23:16:33 INFO  CoapEndpoint:485 - Started endpoint at coap://0.0.0.0:8020
2020-11-07 16:51:43 INFO  NetworkConfig:372 - loading properties from file /home/xubuntu/eclipse-workspace/it.unibo.qak20.basicrobot-1.0/bin/Californium.properties
2020-11-07 16:51:43 INFO  RandomTokenGenerator:55 - using tokens of 8 bytes in length
2020-11-07 16:51:43 INFO  CoapEndpoint:423 - CoapEndpoint uses udp plain
2020-11-07 16:51:43 INFO  BlockwiseLayer:207 - BlockwiseLayer uses MAX_MESSAGE_SIZE=1024, PREFERRED_BLOCK_SIZE=512, BLOCKWISE_STATUS_LIFETIME=300000 and MAX_RESOURCE_BODY_SIZE=8192
2020-11-07 16:51:43 INFO  ReliabilityLayer:83 - ReliabilityLayer uses ACK_TIMEOUT=2000, ACK_RANDOM_FACTOR=1.5, and ACK_TIMEOUT_SCALE=2.0
2020-11-07 16:51:43 INFO  CoapServer:207 - Starting server
2020-11-07 16:51:43 INFO  UDPConnector:161 - UDPConnector starts up 8 sender threads and 8 receiver threads
2020-11-07 16:51:43 INFO  UDPConnector:187 - UDPConnector listening on 0.0.0.0/0.0.0.0:8020, recv buf = 106496, send buf = 106496, recv packet size = 2048
2020-11-07 16:51:43 INFO  CoapEndpoint:485 - Started endpoint at coap://0.0.0.0:8020
2020-11-08 22:20:56 INFO  NetworkConfig:372 - loading properties from file /home/xubuntu/eclipse-workspace/it.unibo.qak20.basicrobot-1.0/bin/Californium.properties
2020-11-08 22:20:56 INFO  RandomTokenGenerator:55 - using tokens of 8 bytes in length
2020-11-08 22:20:56 INFO  CoapEndpoint:423 - CoapEndpoint uses udp plain
2020-11-08 22:20:56 INFO  BlockwiseLayer:207 - BlockwiseLayer uses MAX_MESSAGE_SIZE=1024, PREFERRED_BLOCK_SIZE=512, BLOCKWISE_STATUS_LIFETIME=300000 and MAX_RESOURCE_BODY_SIZE=8192
2020-11-08 22:20:56 INFO  ReliabilityLayer:83 - ReliabilityLayer uses ACK_TIMEOUT=2000, ACK_RANDOM_FACTOR=1.5, and ACK_TIMEOUT_SCALE=2.0
2020-11-08 22:20:56 INFO  CoapServer:207 - Starting server
2020-11-08 22:20:56 INFO  UDPConnector:161 - UDPConnector starts up 8 sender threads and 8 receiver threads
2020-11-08 22:20:56 INFO  UDPConnector:187 - UDPConnector listening on 0.0.0.0/0.0.0.0:8020, recv buf = 106496, send buf = 106496, recv packet size = 2048
2020-11-08 22:20:56 INFO  CoapEndpoint:485 - Started endpoint at coap://0.0.0.0:8020
